03:19:16,005 INFO  [org.springframework.test.context.support.DefaultTestContextBootstrapper] Loaded default TestExecutionListener class names from location [META-INF/spring.factories]: [org.springframework.test.context.web.ServletTestExecutionListener, org.springframework.test.context.support.DirtiesContextBeforeModesTestExecutionListener, org.springframework.test.context.support.DependencyInjectionTestExecutionListener, org.springframework.test.context.support.DirtiesContextTestExecutionListener, org.springframework.test.context.transaction.TransactionalTestExecutionListener, org.springframework.test.context.jdbc.SqlScriptsTestExecutionListener]
03:19:16,028 INFO  [org.springframework.test.context.support.DefaultTestContextBootstrapper] Using TestExecutionListeners: [org.springframework.test.context.web.ServletTestExecutionListener@1b1473ab, org.springframework.test.context.support.DirtiesContextBeforeModesTestExecutionListener@2f7c2f4f, org.springframework.test.context.support.DependencyInjectionTestExecutionListener@6af93788, org.springframework.test.context.support.DirtiesContextTestExecutionListener@ef9296d, org.springframework.test.context.transaction.TransactionalTestExecutionListener@36c88a32, org.springframework.test.context.jdbc.SqlScriptsTestExecutionListener@7880cdf3]
03:19:16,115 INFO  [org.springframework.beans.factory.xml.XmlBeanDefinitionReader] Loading XML bean definitions from file [D:\Workspaces\ProjectGo_S\common_utils\target\classes\spring\application-Context.xml]
03:19:16,615 INFO  [org.springframework.beans.factory.xml.XmlBeanDefinitionReader] Loading XML bean definitions from file [D:\Workspaces\ProjectGo_S\common_utils\target\classes\spring\application-mybatis.xml]
03:19:16,670 INFO  [org.springframework.beans.factory.xml.XmlBeanDefinitionReader] Loading XML bean definitions from file [D:\Workspaces\ProjectGo_S\common_utils\target\classes\spring\application-mybatis.xml]
03:19:16,704 INFO  [org.springframework.beans.factory.support.DefaultListableBeanFactory] Overriding bean definition for bean 'sqlSessionFactory' with a different definition: replacing [Generic bean: class [org.mybatis.spring.SqlSessionFactoryBean]; scope=; abstract=false; lazyInit=false; autowireMode=0; dependencyCheck=0; autowireCandidate=true; primary=false; factoryBeanName=null; factoryMethodName=null; initMethodName=null; destroyMethodName=null; defined in file [D:\Workspaces\ProjectGo_S\common_utils\target\classes\spring\application-mybatis.xml]] with [Generic bean: class [org.mybatis.spring.SqlSessionFactoryBean]; scope=; abstract=false; lazyInit=false; autowireMode=0; dependencyCheck=0; autowireCandidate=true; primary=false; factoryBeanName=null; factoryMethodName=null; initMethodName=null; destroyMethodName=null; defined in file [D:\Workspaces\ProjectGo_S\common_utils\target\classes\spring\application-mybatis.xml]]
03:19:16,709 INFO  [org.springframework.beans.factory.xml.XmlBeanDefinitionReader] Loading XML bean definitions from file [D:\Workspaces\ProjectGo_S\common_utils\target\classes\spring\application-Shiro.xml]
03:19:16,749 INFO  [org.springframework.context.support.GenericApplicationContext] Refreshing org.springframework.context.support.GenericApplicationContext@71809907: startup date [Sun Dec 31 03:19:16 CST 2017]; root of context hierarchy
03:19:17,150 WARN  [org.mybatis.spring.mapper.ClassPathMapperScanner] Skipping MapperFactoryBean with name 'sysGroupDao' and 'cn.com.jonpad.mybatis.SysGroupDao' mapperInterface. Bean already defined with the same name!
03:19:17,150 WARN  [org.mybatis.spring.mapper.ClassPathMapperScanner] Skipping MapperFactoryBean with name 'sysGroupPermissionDao' and 'cn.com.jonpad.mybatis.SysGroupPermissionDao' mapperInterface. Bean already defined with the same name!
03:19:17,150 WARN  [org.mybatis.spring.mapper.ClassPathMapperScanner] Skipping MapperFactoryBean with name 'sysGroupRolePermissionDao' and 'cn.com.jonpad.mybatis.SysGroupRolePermissionDao' mapperInterface. Bean already defined with the same name!
03:19:17,151 WARN  [org.mybatis.spring.mapper.ClassPathMapperScanner] Skipping MapperFactoryBean with name 'sysPermissionDao' and 'cn.com.jonpad.mybatis.SysPermissionDao' mapperInterface. Bean already defined with the same name!
03:19:17,151 WARN  [org.mybatis.spring.mapper.ClassPathMapperScanner] Skipping MapperFactoryBean with name 'sysRolePermissionDao' and 'cn.com.jonpad.mybatis.SysRolePermissionDao' mapperInterface. Bean already defined with the same name!
03:19:17,151 WARN  [org.mybatis.spring.mapper.ClassPathMapperScanner] Skipping MapperFactoryBean with name 'sysUserDao' and 'cn.com.jonpad.mybatis.SysUserDao' mapperInterface. Bean already defined with the same name!
03:19:17,151 WARN  [org.mybatis.spring.mapper.ClassPathMapperScanner] No MyBatis mapper was found in '[cn.com.jonpad.mybatis]' package. Please check your configuration.
03:19:17,629 INFO  [org.springframework.context.support.PostProcessorRegistrationDelegate$BeanPostProcessorChecker] Bean '(inner bean)#78aea4b9' of type [org.springframework.beans.factory.config.PropertiesFactoryBean] is not eligible for getting processed by all BeanPostProcessors (for example: not eligible for auto-proxying)
03:19:17,656 INFO  [org.springframework.context.support.PostProcessorRegistrationDelegate$BeanPostProcessorChecker] Bean '(inner bean)#78aea4b9' of type [java.util.Properties] is not eligible for getting processed by all BeanPostProcessors (for example: not eligible for auto-proxying)
03:19:17,668 INFO  [org.springframework.context.support.PostProcessorRegistrationDelegate$BeanPostProcessorChecker] Bean '(inner bean)#5be067de' of type [org.springframework.data.repository.core.support.PropertiesBasedNamedQueries] is not eligible for getting processed by all BeanPostProcessors (for example: not eligible for auto-proxying)
03:19:17,679 INFO  [org.springframework.context.support.PostProcessorRegistrationDelegate$BeanPostProcessorChecker] Bean '(inner bean)#5fcacc0' of type [org.springframework.data.repository.query.ExtensionAwareEvaluationContextProvider] is not eligible for getting processed by all BeanPostProcessors (for example: not eligible for auto-proxying)
03:19:18,429 INFO  [com.alibaba.druid.pool.DruidDataSource] {dataSource-1} inited
03:19:18,444 INFO  [org.springframework.context.support.PostProcessorRegistrationDelegate$BeanPostProcessorChecker] Bean 'dataSource' of type [com.alibaba.druid.pool.DruidDataSource] is not eligible for getting processed by all BeanPostProcessors (for example: not eligible for auto-proxying)
03:19:18,576 INFO  [org.springframework.context.support.PostProcessorRegistrationDelegate$BeanPostProcessorChecker] Bean 'org.springframework.orm.jpa.vendor.HibernateJpaVendorAdapter#5456afaa' of type [org.springframework.orm.jpa.vendor.HibernateJpaVendorAdapter] is not eligible for getting processed by all BeanPostProcessors (for example: not eligible for auto-proxying)
03:19:18,597 INFO  [org.springframework.orm.jpa.LocalContainerEntityManagerFactoryBean] Building JPA container EntityManagerFactory for persistence unit 'default'
03:19:18,628 INFO  [org.hibernate.jpa.internal.util.LogHelper] HHH000204: Processing PersistenceUnitInfo [
	name: default
	...]
03:19:18,735 INFO  [org.hibernate.Version] HHH000412: Hibernate Core {4.3.11.Final}
03:19:18,737 INFO  [org.hibernate.cfg.Environment] HHH000206: hibernate.properties not found
03:19:18,739 INFO  [org.hibernate.cfg.Environment] HHH000021: Bytecode provider name : javassist
03:19:18,986 INFO  [org.hibernate.annotations.common.Version] HCANN000001: Hibernate Commons Annotations {4.0.5.Final}
03:19:19,065 INFO  [org.hibernate.dialect.Dialect] HHH000400: Using dialect: org.hibernate.dialect.MySQL5InnoDBDialect
03:19:19,291 INFO  [org.hibernate.hql.internal.ast.ASTQueryTranslatorFactory] HHH000397: Using ASTQueryTranslatorFactory
03:19:19,764 INFO  [org.hibernate.cache.spi.UpdateTimestampsCache] HHH000250: Starting update timestamps cache at region: org.hibernate.cache.spi.UpdateTimestampsCache
03:19:19,768 WARN  [org.hibernate.cache.ehcache.AbstractEhcacheRegionFactory] HHH020003: Could not find a specific ehcache configuration for cache named [org.hibernate.cache.spi.UpdateTimestampsCache]; using defaults.
03:19:19,777 INFO  [org.hibernate.cache.internal.StandardQueryCache] HHH000248: Starting query cache at region: org.hibernate.cache.internal.StandardQueryCache
03:19:19,778 WARN  [org.hibernate.cache.ehcache.AbstractEhcacheRegionFactory] HHH020003: Could not find a specific ehcache configuration for cache named [org.hibernate.cache.internal.StandardQueryCache]; using defaults.
03:19:20,142 INFO  [org.hibernate.tool.hbm2ddl.SchemaUpdate] HHH000228: Running hbm2ddl schema update
03:19:20,142 INFO  [org.hibernate.tool.hbm2ddl.SchemaUpdate] HHH000102: Fetching database metadata
03:19:20,145 INFO  [org.hibernate.tool.hbm2ddl.SchemaUpdate] HHH000396: Updating schema
03:19:20,175 INFO  [org.hibernate.tool.hbm2ddl.TableMetadata] HHH000261: Table found: mzjpa.m_data
03:19:20,175 INFO  [org.hibernate.tool.hbm2ddl.TableMetadata] HHH000037: Columns: [c_content, f_i_original_data_id, c_mark, c_hots, p_i_id, c_link]
03:19:20,175 INFO  [org.hibernate.tool.hbm2ddl.TableMetadata] HHH000108: Foreign keys: [fk_5b3bumbvww0db9jm4oa5fsxxf]
03:19:20,175 INFO  [org.hibernate.tool.hbm2ddl.TableMetadata] HHH000126: Indexes: [fk_5b3bumbvww0db9jm4oa5fsxxf, primary]
03:19:20,185 INFO  [org.hibernate.tool.hbm2ddl.TableMetadata] HHH000261: Table found: mzjpa.m_original_data
03:19:20,185 INFO  [org.hibernate.tool.hbm2ddl.TableMetadata] HHH000037: Columns: [l_create_date_time, c_content, f_i_original_data_id, c_mark, c_hots, p_i_id, c_link, c_original_html]
03:19:20,185 INFO  [org.hibernate.tool.hbm2ddl.TableMetadata] HHH000108: Foreign keys: [fk_9m0d3y2bgqctpyrrblpg6uuc0]
03:19:20,185 INFO  [org.hibernate.tool.hbm2ddl.TableMetadata] HHH000126: Indexes: [fk_9m0d3y2bgqctpyrrblpg6uuc0, primary]
03:19:20,194 INFO  [org.hibernate.tool.hbm2ddl.TableMetadata] HHH000261: Table found: mzjpa.t_sys_group
03:19:20,195 INFO  [org.hibernate.tool.hbm2ddl.TableMetadata] HHH000037: Columns: [i_root_parentid, c_sortstring, p_i_id, c_name, c_parentids, i_parentid, i_available]
03:19:20,195 INFO  [org.hibernate.tool.hbm2ddl.TableMetadata] HHH000108: Foreign keys: []
03:19:20,195 INFO  [org.hibernate.tool.hbm2ddl.TableMetadata] HHH000126: Indexes: [primary]
03:19:20,204 INFO  [org.hibernate.tool.hbm2ddl.TableMetadata] HHH000261: Table found: mzjpa.t_sys_group_permission
03:19:20,204 INFO  [org.hibernate.tool.hbm2ddl.TableMetadata] HHH000037: Columns: [f_c_sys_group_id, f_c_sys_permission_id, p_i_id, f_c_sys_role_id]
03:19:20,204 INFO  [org.hibernate.tool.hbm2ddl.TableMetadata] HHH000108: Foreign keys: []
03:19:20,204 INFO  [org.hibernate.tool.hbm2ddl.TableMetadata] HHH000126: Indexes: [primary]
03:19:20,213 INFO  [org.hibernate.tool.hbm2ddl.TableMetadata] HHH000261: Table found: mzjpa.t_sys_group_role_permission
03:19:20,213 INFO  [org.hibernate.tool.hbm2ddl.TableMetadata] HHH000037: Columns: [f_c_sys_group_id, f_c_sys_permission_id, p_i_id, f_c_sys_role_id]
03:19:20,213 INFO  [org.hibernate.tool.hbm2ddl.TableMetadata] HHH000108: Foreign keys: []
03:19:20,213 INFO  [org.hibernate.tool.hbm2ddl.TableMetadata] HHH000126: Indexes: [primary]
03:19:20,223 INFO  [org.hibernate.tool.hbm2ddl.TableMetadata] HHH000261: Table found: mzjpa.t_sys_permission
03:19:20,223 INFO  [org.hibernate.tool.hbm2ddl.TableMetadata] HHH000037: Columns: [c_percode, i_root_parentid, c_sortstring, c_url, c_type, p_i_id, c_name, c_parentids, i_parentid, i_available]
03:19:20,223 INFO  [org.hibernate.tool.hbm2ddl.TableMetadata] HHH000108: Foreign keys: []
03:19:20,223 INFO  [org.hibernate.tool.hbm2ddl.TableMetadata] HHH000126: Indexes: [primary]
03:19:20,232 INFO  [org.hibernate.tool.hbm2ddl.TableMetadata] HHH000261: Table found: mzjpa.t_sys_role
03:19:20,232 INFO  [org.hibernate.tool.hbm2ddl.TableMetadata] HHH000037: Columns: [p_i_id, c_name, i_available]
03:19:20,232 INFO  [org.hibernate.tool.hbm2ddl.TableMetadata] HHH000108: Foreign keys: []
03:19:20,232 INFO  [org.hibernate.tool.hbm2ddl.TableMetadata] HHH000126: Indexes: [primary]
03:19:20,240 INFO  [org.hibernate.tool.hbm2ddl.TableMetadata] HHH000261: Table found: mzjpa.t_sys_role_permission
03:19:20,240 INFO  [org.hibernate.tool.hbm2ddl.TableMetadata] HHH000037: Columns: [f_c_sys_permission_id, p_i_id, f_c_sys_role_id]
03:19:20,240 INFO  [org.hibernate.tool.hbm2ddl.TableMetadata] HHH000108: Foreign keys: []
03:19:20,241 INFO  [org.hibernate.tool.hbm2ddl.TableMetadata] HHH000126: Indexes: [primary]
03:19:20,252 INFO  [org.hibernate.tool.hbm2ddl.TableMetadata] HHH000261: Table found: mzjpa.t_sys_user
03:19:20,253 INFO  [org.hibernate.tool.hbm2ddl.TableMetadata] HHH000037: Columns: [c_info, i_locked, c_usercode, c_email, c_head, c_username, p_i_id]
03:19:20,253 INFO  [org.hibernate.tool.hbm2ddl.TableMetadata] HHH000108: Foreign keys: []
03:19:20,253 INFO  [org.hibernate.tool.hbm2ddl.TableMetadata] HHH000126: Indexes: [primary]
03:19:20,260 INFO  [org.hibernate.tool.hbm2ddl.TableMetadata] HHH000261: Table found: mzjpa.t_sys_user_role
03:19:20,260 INFO  [org.hibernate.tool.hbm2ddl.TableMetadata] HHH000037: Columns: [f_i_sys_user_id, f_i_sys_role_id, p_i_id]
03:19:20,261 INFO  [org.hibernate.tool.hbm2ddl.TableMetadata] HHH000108: Foreign keys: []
03:19:20,261 INFO  [org.hibernate.tool.hbm2ddl.TableMetadata] HHH000126: Indexes: [primary]
03:19:20,268 INFO  [org.hibernate.tool.hbm2ddl.TableMetadata] HHH000261: Table found: mzjpa.t_sys_user_security
03:19:20,268 INFO  [org.hibernate.tool.hbm2ddl.TableMetadata] HHH000037: Columns: [c_password, c_salt, p_i_id, i_user]
03:19:20,268 INFO  [org.hibernate.tool.hbm2ddl.TableMetadata] HHH000108: Foreign keys: [fk_ln8y2aij0tjjhclf7jc6rmvhj]
03:19:20,268 INFO  [org.hibernate.tool.hbm2ddl.TableMetadata] HHH000126: Indexes: [fk_ln8y2aij0tjjhclf7jc6rmvhj, primary]
03:19:20,269 INFO  [org.hibernate.tool.hbm2ddl.SchemaUpdate] HHH000232: Schema update complete
03:19:20,323 INFO  [org.springframework.orm.jpa.LocalContainerEntityManagerFactoryBean] Initialized JPA EntityManagerFactory for persistence unit 'default'
03:19:20,327 INFO  [org.springframework.context.support.PostProcessorRegistrationDelegate$BeanPostProcessorChecker] Bean 'entityManagerFactory' of type [org.springframework.orm.jpa.LocalContainerEntityManagerFactoryBean] is not eligible for getting processed by all BeanPostProcessors (for example: not eligible for auto-proxying)
03:19:20,328 INFO  [org.springframework.context.support.PostProcessorRegistrationDelegate$BeanPostProcessorChecker] Bean 'entityManagerFactory' of type [com.sun.proxy.$Proxy36] is not eligible for getting processed by all BeanPostProcessors (for example: not eligible for auto-proxying)
03:19:20,349 INFO  [org.springframework.context.support.PostProcessorRegistrationDelegate$BeanPostProcessorChecker] Bean '(inner bean)#2b58f754' of type [com.sun.proxy.$Proxy38] is not eligible for getting processed by all BeanPostProcessors (for example: not eligible for auto-proxying)
03:19:20,453 INFO  [org.springframework.context.support.PostProcessorRegistrationDelegate$BeanPostProcessorChecker] Bean 'jpaMappingContext' of type [org.springframework.data.jpa.repository.config.JpaMetamodelMappingContextFactoryBean] is not eligible for getting processed by all BeanPostProcessors (for example: not eligible for auto-proxying)
03:19:20,455 INFO  [org.springframework.context.support.PostProcessorRegistrationDelegate$BeanPostProcessorChecker] Bean 'jpaMappingContext' of type [org.springframework.data.jpa.mapping.JpaMetamodelMappingContext] is not eligible for getting processed by all BeanPostProcessors (for example: not eligible for auto-proxying)
03:19:20,683 INFO  [org.springframework.context.support.PostProcessorRegistrationDelegate$BeanPostProcessorChecker] Bean 'sysUserRepository' of type [org.springframework.data.jpa.repository.support.JpaRepositoryFactoryBean] is not eligible for getting processed by all BeanPostProcessors (for example: not eligible for auto-proxying)
03:19:20,684 INFO  [org.springframework.context.support.PostProcessorRegistrationDelegate$BeanPostProcessorChecker] Bean 'sysUserRepository' of type [com.sun.proxy.$Proxy40] is not eligible for getting processed by all BeanPostProcessors (for example: not eligible for auto-proxying)
03:19:20,687 INFO  [org.springframework.context.support.PostProcessorRegistrationDelegate$BeanPostProcessorChecker] Bean '(inner bean)#25974207' of type [org.springframework.beans.factory.config.PropertiesFactoryBean] is not eligible for getting processed by all BeanPostProcessors (for example: not eligible for auto-proxying)
03:19:20,687 INFO  [org.springframework.context.support.PostProcessorRegistrationDelegate$BeanPostProcessorChecker] Bean '(inner bean)#25974207' of type [java.util.Properties] is not eligible for getting processed by all BeanPostProcessors (for example: not eligible for auto-proxying)
03:19:20,688 INFO  [org.springframework.context.support.PostProcessorRegistrationDelegate$BeanPostProcessorChecker] Bean '(inner bean)#2db15f70' of type [org.springframework.data.repository.core.support.PropertiesBasedNamedQueries] is not eligible for getting processed by all BeanPostProcessors (for example: not eligible for auto-proxying)
03:19:20,688 INFO  [org.springframework.context.support.PostProcessorRegistrationDelegate$BeanPostProcessorChecker] Bean '(inner bean)#21a46ff1' of type [org.springframework.data.repository.query.ExtensionAwareEvaluationContextProvider] is not eligible for getting processed by all BeanPostProcessors (for example: not eligible for auto-proxying)
03:19:20,689 INFO  [org.springframework.context.support.PostProcessorRegistrationDelegate$BeanPostProcessorChecker] Bean '(inner bean)#6bcae9' of type [com.sun.proxy.$Proxy38] is not eligible for getting processed by all BeanPostProcessors (for example: not eligible for auto-proxying)
03:19:20,696 INFO  [org.springframework.context.support.PostProcessorRegistrationDelegate$BeanPostProcessorChecker] Bean 'sysUserSecurityRepository' of type [org.springframework.data.jpa.repository.support.JpaRepositoryFactoryBean] is not eligible for getting processed by all BeanPostProcessors (for example: not eligible for auto-proxying)
03:19:20,696 INFO  [org.springframework.context.support.PostProcessorRegistrationDelegate$BeanPostProcessorChecker] Bean 'sysUserSecurityRepository' of type [com.sun.proxy.$Proxy41] is not eligible for getting processed by all BeanPostProcessors (for example: not eligible for auto-proxying)
03:19:20,699 INFO  [org.springframework.context.support.PostProcessorRegistrationDelegate$BeanPostProcessorChecker] Bean '(inner bean)#14c99bf6' of type [org.springframework.beans.factory.config.PropertiesFactoryBean] is not eligible for getting processed by all BeanPostProcessors (for example: not eligible for auto-proxying)
03:19:20,699 INFO  [org.springframework.context.support.PostProcessorRegistrationDelegate$BeanPostProcessorChecker] Bean '(inner bean)#14c99bf6' of type [java.util.Properties] is not eligible for getting processed by all BeanPostProcessors (for example: not eligible for auto-proxying)
03:19:20,699 INFO  [org.springframework.context.support.PostProcessorRegistrationDelegate$BeanPostProcessorChecker] Bean '(inner bean)#38a4e2b0' of type [org.springframework.data.repository.core.support.PropertiesBasedNamedQueries] is not eligible for getting processed by all BeanPostProcessors (for example: not eligible for auto-proxying)
03:19:20,700 INFO  [org.springframework.context.support.PostProcessorRegistrationDelegate$BeanPostProcessorChecker] Bean '(inner bean)#7fe8c7db' of type [org.springframework.data.repository.query.ExtensionAwareEvaluationContextProvider] is not eligible for getting processed by all BeanPostProcessors (for example: not eligible for auto-proxying)
03:19:20,701 INFO  [org.springframework.context.support.PostProcessorRegistrationDelegate$BeanPostProcessorChecker] Bean '(inner bean)#541afb85' of type [com.sun.proxy.$Proxy38] is not eligible for getting processed by all BeanPostProcessors (for example: not eligible for auto-proxying)
03:19:20,717 INFO  [org.springframework.context.support.PostProcessorRegistrationDelegate$BeanPostProcessorChecker] Bean 'sysUserRoleRepository' of type [org.springframework.data.jpa.repository.support.JpaRepositoryFactoryBean] is not eligible for getting processed by all BeanPostProcessors (for example: not eligible for auto-proxying)
03:19:20,717 INFO  [org.springframework.context.support.PostProcessorRegistrationDelegate$BeanPostProcessorChecker] Bean 'sysUserRoleRepository' of type [com.sun.proxy.$Proxy42] is not eligible for getting processed by all BeanPostProcessors (for example: not eligible for auto-proxying)
03:19:20,724 INFO  [org.springframework.context.support.PostProcessorRegistrationDelegate$BeanPostProcessorChecker] Bean '(inner bean)#3dc68586' of type [org.springframework.beans.factory.config.PropertiesFactoryBean] is not eligible for getting processed by all BeanPostProcessors (for example: not eligible for auto-proxying)
03:19:20,724 INFO  [org.springframework.context.support.PostProcessorRegistrationDelegate$BeanPostProcessorChecker] Bean '(inner bean)#3dc68586' of type [java.util.Properties] is not eligible for getting processed by all BeanPostProcessors (for example: not eligible for auto-proxying)
03:19:20,725 INFO  [org.springframework.context.support.PostProcessorRegistrationDelegate$BeanPostProcessorChecker] Bean '(inner bean)#4052b19f' of type [org.springframework.data.repository.core.support.PropertiesBasedNamedQueries] is not eligible for getting processed by all BeanPostProcessors (for example: not eligible for auto-proxying)
03:19:20,725 INFO  [org.springframework.context.support.PostProcessorRegistrationDelegate$BeanPostProcessorChecker] Bean '(inner bean)#380ce5a3' of type [org.springframework.data.repository.query.ExtensionAwareEvaluationContextProvider] is not eligible for getting processed by all BeanPostProcessors (for example: not eligible for auto-proxying)
03:19:20,727 INFO  [org.springframework.context.support.PostProcessorRegistrationDelegate$BeanPostProcessorChecker] Bean '(inner bean)#7d9c45ee' of type [com.sun.proxy.$Proxy38] is not eligible for getting processed by all BeanPostProcessors (for example: not eligible for auto-proxying)
03:19:20,741 INFO  [org.springframework.context.support.PostProcessorRegistrationDelegate$BeanPostProcessorChecker] Bean 'sysRoleRepository' of type [org.springframework.data.jpa.repository.support.JpaRepositoryFactoryBean] is not eligible for getting processed by all BeanPostProcessors (for example: not eligible for auto-proxying)
03:19:20,742 INFO  [org.springframework.context.support.PostProcessorRegistrationDelegate$BeanPostProcessorChecker] Bean 'sysRoleRepository' of type [com.sun.proxy.$Proxy43] is not eligible for getting processed by all BeanPostProcessors (for example: not eligible for auto-proxying)
03:19:20,743 INFO  [org.springframework.context.support.PostProcessorRegistrationDelegate$BeanPostProcessorChecker] Bean 'sysRoleService' of type [cn.com.jonpad.service.SysRoleService] is not eligible for getting processed by all BeanPostProcessors (for example: not eligible for auto-proxying)
03:19:20,960 INFO  [org.springframework.context.support.PostProcessorRegistrationDelegate$BeanPostProcessorChecker] Bean 'sysUserRoleService' of type [cn.com.jonpad.service.SysUserRoleService] is not eligible for getting processed by all BeanPostProcessors (for example: not eligible for auto-proxying)
03:19:20,961 INFO  [org.springframework.context.support.PostProcessorRegistrationDelegate$BeanPostProcessorChecker] Bean 'sysUserService' of type [cn.com.jonpad.service.SysUserService] is not eligible for getting processed by all BeanPostProcessors (for example: not eligible for auto-proxying)
03:19:21,016 INFO  [org.springframework.context.support.PostProcessorRegistrationDelegate$BeanPostProcessorChecker] Bean 'com.github.miemiedev.mybatis.paginator.OffsetLimitInterceptor#5454d35e' of type [com.github.miemiedev.mybatis.paginator.OffsetLimitInterceptor] is not eligible for getting processed by all BeanPostProcessors (for example: not eligible for auto-proxying)
03:19:21,315 INFO  [org.springframework.context.support.PostProcessorRegistrationDelegate$BeanPostProcessorChecker] Bean 'sqlSessionFactory' of type [org.mybatis.spring.SqlSessionFactoryBean] is not eligible for getting processed by all BeanPostProcessors (for example: not eligible for auto-proxying)
03:19:21,316 INFO  [org.springframework.context.support.PostProcessorRegistrationDelegate$BeanPostProcessorChecker] Bean 'sqlSessionFactory' of type [org.apache.ibatis.session.defaults.DefaultSqlSessionFactory] is not eligible for getting processed by all BeanPostProcessors (for example: not eligible for auto-proxying)
03:19:21,324 INFO  [org.springframework.context.support.PostProcessorRegistrationDelegate$BeanPostProcessorChecker] Bean 'sysRolePermissionDao' of type [org.mybatis.spring.mapper.MapperFactoryBean] is not eligible for getting processed by all BeanPostProcessors (for example: not eligible for auto-proxying)
03:19:21,326 INFO  [org.springframework.context.support.PostProcessorRegistrationDelegate$BeanPostProcessorChecker] Bean 'sysRolePermissionDao' of type [com.sun.proxy.$Proxy50] is not eligible for getting processed by all BeanPostProcessors (for example: not eligible for auto-proxying)
03:19:21,328 INFO  [org.springframework.context.support.PostProcessorRegistrationDelegate$BeanPostProcessorChecker] Bean 'sysGroupPermissionDao' of type [org.mybatis.spring.mapper.MapperFactoryBean] is not eligible for getting processed by all BeanPostProcessors (for example: not eligible for auto-proxying)
03:19:21,329 INFO  [org.springframework.context.support.PostProcessorRegistrationDelegate$BeanPostProcessorChecker] Bean 'sysGroupPermissionDao' of type [com.sun.proxy.$Proxy51] is not eligible for getting processed by all BeanPostProcessors (for example: not eligible for auto-proxying)
03:19:21,331 INFO  [org.springframework.context.support.PostProcessorRegistrationDelegate$BeanPostProcessorChecker] Bean '(inner bean)#60b616c8' of type [org.springframework.beans.factory.config.PropertiesFactoryBean] is not eligible for getting processed by all BeanPostProcessors (for example: not eligible for auto-proxying)
03:19:21,331 INFO  [org.springframework.context.support.PostProcessorRegistrationDelegate$BeanPostProcessorChecker] Bean '(inner bean)#60b616c8' of type [java.util.Properties] is not eligible for getting processed by all BeanPostProcessors (for example: not eligible for auto-proxying)
03:19:21,332 INFO  [org.springframework.context.support.PostProcessorRegistrationDelegate$BeanPostProcessorChecker] Bean '(inner bean)#4cae66a8' of type [org.springframework.data.repository.core.support.PropertiesBasedNamedQueries] is not eligible for getting processed by all BeanPostProcessors (for example: not eligible for auto-proxying)
03:19:21,332 INFO  [org.springframework.context.support.PostProcessorRegistrationDelegate$BeanPostProcessorChecker] Bean '(inner bean)#7b8aebd0' of type [org.springframework.data.repository.query.ExtensionAwareEvaluationContextProvider] is not eligible for getting processed by all BeanPostProcessors (for example: not eligible for auto-proxying)
03:19:21,333 INFO  [org.springframework.context.support.PostProcessorRegistrationDelegate$BeanPostProcessorChecker] Bean '(inner bean)#3181d4de' of type [com.sun.proxy.$Proxy38] is not eligible for getting processed by all BeanPostProcessors (for example: not eligible for auto-proxying)
03:19:21,511 INFO  [org.springframework.context.support.PostProcessorRegistrationDelegate$BeanPostProcessorChecker] Bean 'sysPermissionRepository' of type [org.springframework.data.jpa.repository.support.JpaRepositoryFactoryBean] is not eligible for getting processed by all BeanPostProcessors (for example: not eligible for auto-proxying)
03:19:21,511 INFO  [org.springframework.context.support.PostProcessorRegistrationDelegate$BeanPostProcessorChecker] Bean 'sysPermissionRepository' of type [com.sun.proxy.$Proxy53] is not eligible for getting processed by all BeanPostProcessors (for example: not eligible for auto-proxying)
03:19:21,513 INFO  [org.springframework.context.support.PostProcessorRegistrationDelegate$BeanPostProcessorChecker] Bean 'sysGroupRolePermissionDao' of type [org.mybatis.spring.mapper.MapperFactoryBean] is not eligible for getting processed by all BeanPostProcessors (for example: not eligible for auto-proxying)
03:19:21,514 INFO  [org.springframework.context.support.PostProcessorRegistrationDelegate$BeanPostProcessorChecker] Bean 'sysGroupRolePermissionDao' of type [com.sun.proxy.$Proxy54] is not eligible for getting processed by all BeanPostProcessors (for example: not eligible for auto-proxying)
03:19:21,515 INFO  [org.springframework.context.support.PostProcessorRegistrationDelegate$BeanPostProcessorChecker] Bean 'sysPermissionServics' of type [cn.com.jonpad.service.SysPermissionServics] is not eligible for getting processed by all BeanPostProcessors (for example: not eligible for auto-proxying)
03:19:21,542 INFO  [org.springframework.context.support.PostProcessorRegistrationDelegate$BeanPostProcessorChecker] Bean 'credentialsMatcher' of type [org.apache.shiro.authc.credential.HashedCredentialsMatcher] is not eligible for getting processed by all BeanPostProcessors (for example: not eligible for auto-proxying)
03:19:21,543 INFO  [org.springframework.context.support.PostProcessorRegistrationDelegate$BeanPostProcessorChecker] Bean 'customRealm' of type [cn.com.jonpad.shiro.CustomRealm] is not eligible for getting processed by all BeanPostProcessors (for example: not eligible for auto-proxying)
03:19:21,552 INFO  [org.springframework.context.support.PostProcessorRegistrationDelegate$BeanPostProcessorChecker] Bean 'cacheManager' of type [org.apache.shiro.cache.ehcache.EhCacheManager] is not eligible for getting processed by all BeanPostProcessors (for example: not eligible for auto-proxying)
03:19:21,574 INFO  [org.springframework.context.support.PostProcessorRegistrationDelegate$BeanPostProcessorChecker] Bean 'sessionManager' of type [org.apache.shiro.web.session.mgt.DefaultWebSessionManager] is not eligible for getting processed by all BeanPostProcessors (for example: not eligible for auto-proxying)
03:19:21,595 INFO  [org.springframework.context.support.PostProcessorRegistrationDelegate$BeanPostProcessorChecker] Bean 'rememberMeCookie' of type [org.apache.shiro.web.servlet.SimpleCookie] is not eligible for getting processed by all BeanPostProcessors (for example: not eligible for auto-proxying)
03:19:21,597 INFO  [org.springframework.context.support.PostProcessorRegistrationDelegate$BeanPostProcessorChecker] Bean 'rememberMeManager' of type [org.apache.shiro.web.mgt.CookieRememberMeManager] is not eligible for getting processed by all BeanPostProcessors (for example: not eligible for auto-proxying)
03:19:21,612 INFO  [org.apache.shiro.cache.ehcache.EhCacheManager] Cache with name 'cn.com.jonpad.shiro.CustomRealm.authorizationCache' does not yet exist.  Creating now.
03:19:21,613 INFO  [org.apache.shiro.cache.ehcache.EhCacheManager] Added EhCache named [cn.com.jonpad.shiro.CustomRealm.authorizationCache]
03:19:21,615 INFO  [org.springframework.context.support.PostProcessorRegistrationDelegate$BeanPostProcessorChecker] Bean 'securityManager' of type [org.apache.shiro.web.mgt.DefaultWebSecurityManager] is not eligible for getting processed by all BeanPostProcessors (for example: not eligible for auto-proxying)
03:19:21,650 INFO  [org.springframework.context.support.PostProcessorRegistrationDelegate$BeanPostProcessorChecker] Bean 'formAuthenticationFilter' of type [cn.com.jonpad.shiro.CustomFormAuthenticationFilter] is not eligible for getting processed by all BeanPostProcessors (for example: not eligible for auto-proxying)
03:19:22,869 INFO  [org.springframework.context.support.GenericApplicationContext] Closing org.springframework.context.support.GenericApplicationContext@71809907: startup date [Sun Dec 31 03:19:16 CST 2017]; root of context hierarchy
03:19:22,874 INFO  [org.springframework.orm.jpa.LocalContainerEntityManagerFactoryBean] Closing JPA EntityManagerFactory for persistence unit 'default'
03:19:22,888 INFO  [com.alibaba.druid.pool.DruidDataSource] {dataSource-1} closed
